{"level":"info","message":"port is running in 8000: devs"}
{"level":"info","message":"port is running in 8000: devs"}
{"level":"info","message":"port is running in 8000: devs"}
{"level":"info","message":"port is running in 8000: devs"}
{"level":"info","message":"port is running in 8000: devs"}
{"level":"info","message":"port is running in 8000: devs"}
{"level":"info","message":"port is running in 8000: devs"}
{"level":"info","message":"port is running in 8000: devs"}
{"level":"info","message":"port is running in 8000: devs"}
{"level":"info","message":"port is running in 8000: devs"}
{"level":"info","message":"port is running in 8000: devs"}
{"level":"info","message":"port is running in 8000: devs"}
undefined [undefined] info: port is running in 8000: devs
undefined
2023-06-01T08:18:34.906Z [undefined] info: port is running in 8000: devs
2023-06-01T08:23:05.859Z [right meow!] info: port is running in 8000: devs
2023-06-01T08:25:23.487Z [undefined] info: port is running in 8000: devs
2023-06-01T08:25:29.575Z [function createFormatWrap(opts) {
    return new Format(opts);
  }] info: port is running in 8000: devs
2023-06-01T08:25:41.704Z  info: port is running in 8000: devs
info: port is running in 8000: devs
2023-06-01T08:27:55.765Z  info: port is running in 8000: devs
2023-06-01T08:27:58.604Z  info: port is running in 8000: devs
2023-06-02T09:18:37.610Z  info: port is running in 8000: devs
2023-06-02T09:31:18.268Z  info: port is running in 8000: devs
2023-06-02T09:44:51.164Z  info: port is running in 8000: devs
2023-06-02T09:45:12.583Z  info: port is running in 8000: devs
2023-06-02T09:45:55.292Z  info: port is running in 8000: devs
2023-06-02T10:44:41.790Z  info: port is running in 8000: devs
2023-06-02T10:44:56.743Z  info: port is running in 8000: devs
2023-06-02T10:45:03.491Z  info: port is running in 8000: devs
2023-06-02T10:45:07.019Z  info: port is running in 8000: devs
2023-06-02T10:45:11.349Z  info: port is running in 8000: devs
2023-06-02T10:51:15.585Z  info: port is running in 8000: devs
2023-06-02T10:51:29.611Z  info: port is running in 8000: devs
2023-06-02T10:51:43.317Z  info: port is running in 8000: devs
2023-06-02T10:57:12.396Z  info: port is running in 8000: devs
2023-06-02T10:58:10.940Z  info: port is running in 8000: devs
2023-06-02T10:58:18.703Z  info: port is running in 8000: devs
2023-06-02T10:58:24.737Z  info: port is running in 8000: devs
2023-06-02T10:58:27.677Z  info: port is running in 8000: devs
2023-06-02T10:58:30.951Z  info: port is running in 8000: devs
2023-06-02T11:00:42.994Z  info: port is running in 8000: devs
2023-06-02T11:00:48.893Z  info: port is running in 8000: devs
2023-06-02T11:00:54.634Z  info: port is running in 8000: devs
2023-06-02T11:09:37.581Z  info: port is running in 8000: devs
2023-06-02T11:09:39.346Z  info: port is running in 8000: devs
2023-06-02T11:09:43.474Z  info: port is running in 8000: devs
2023-06-02T11:09:54.289Z  info: port is running in 8000: devs
2023-06-02T11:10:01.219Z  info: port is running in 8000: devs
2023-06-02T11:10:06.410Z  info: port is running in 8000: devs
2023-06-02T12:51:34.296Z  info: port is running in 8000: devs
2023-06-02T12:52:12.085Z  info: port is running in 8000: devs
2023-06-02T12:52:16.559Z  info: port is running in 8000: devs
2023-06-02T12:56:48.462Z  info: port is running in 8000: devs
2023-06-02T12:56:50.600Z  info: port is running in 8000: devs
2023-06-02T12:56:54.071Z  info: port is running in 8000: devs
2023-06-02T12:58:51.989Z  info: port is running in 8000: devs
2023-06-02T12:58:58.198Z  info: port is running in 8000: devs
2023-06-02T12:59:04.094Z  info: port is running in 8000: devs
2023-06-02T12:59:08.086Z  info: port is running in 8000: devs
2023-06-02T12:59:12.311Z  info: port is running in 8000: devs
2023-06-02T12:59:37.576Z  info: port is running in 8000: devs
2023-06-02T13:01:30.130Z  info: port is running in 8000: devs
2023-06-02T13:02:28.761Z  info: port is running in 8000: devs
2023-06-02T13:09:06.118Z  info: port is running in 8000: devs
2023-06-02T13:09:24.012Z  info: port is running in 8000: devs
2023-06-02T13:09:27.186Z  info: port is running in 8000: devs
2023-06-02T13:09:58.553Z  info: port is running in 8000: devs
2023-06-02T13:10:04.174Z  info: port is running in 8000: devs
2023-06-02T13:10:08.368Z  info: port is running in 8000: devs
2023-06-02T13:10:16.832Z  info: port is running in 8000: devs
2023-06-02T13:10:19.915Z  info: port is running in 8000: devs
2023-06-02T13:10:42.627Z  info: port is running in 8000: devs
2023-06-02T13:10:55.228Z  info: port is running in 8000: devs
2023-06-02T13:11:12.546Z  info: port is running in 8000: devs
2023-06-02T13:19:24.969Z  info: port is running in 8000: devs
2023-06-02T13:19:49.457Z  info: port is running in 8000: devs
2023-06-02T13:19:56.120Z  info: port is running in 8000: devs
2023-06-02T13:20:26.898Z  info: port is running in 8000: devs
2023-06-02T13:20:31.439Z  info: port is running in 8000: devs
2023-06-02T13:20:34.511Z  info: port is running in 8000: devs
2023-06-02T13:20:39.962Z  info: port is running in 8000: devs
2023-06-02T13:20:43.510Z  info: port is running in 8000: devs
2023-06-02T13:20:46.732Z  info: port is running in 8000: devs
2023-06-02T13:20:50.468Z  info: port is running in 8000: devs
2023-06-02T13:20:52.238Z  info: port is running in 8000: devs
2023-06-02T13:21:11.842Z  info: port is running in 8000: devs
2023-06-02T13:21:15.498Z  info: port is running in 8000: devs
2023-06-02T13:24:32.269Z  info: port is running in 8000: devs
2023-06-02T13:24:37.561Z  info: port is running in 8000: devs
2023-06-02T13:58:38.768Z  info: port is running in 8000: devs
2023-06-02T13:58:41.582Z  info: port is running in 8000: devs
2023-06-02T13:58:45.068Z  info: port is running in 8000: devs
2023-06-02T13:58:47.685Z  info: port is running in 8000: devs
2023-06-02T13:58:52.170Z  info: port is running in 8000: devs
2023-06-02T13:58:55.862Z  info: port is running in 8000: devs
2023-06-02T14:10:12.375Z  info: port is running in 8000: devs
2023-06-02T14:10:24.054Z  info: port is running in 8000: devs
2023-06-02T14:10:34.380Z  info: port is running in 8000: devs
2023-06-02T14:10:43.654Z  info: port is running in 8000: devs
2023-06-02T14:12:03.193Z  info: port is running in 8000: devs
2023-06-02T17:53:54.532Z  info: port is running in 8000: devs
2023-06-02T17:56:14.264Z  info: port is running in 8000: devs
2023-06-02T17:56:19.040Z  info: port is running in 8000: devs
2023-06-02T17:56:26.877Z  info: port is running in 8000: devs
2023-06-02T17:56:33.735Z  info: port is running in 8000: devs
2023-06-02T17:57:23.981Z  info: port is running in 8000: devs
2023-06-02T17:57:27.398Z  info: port is running in 8000: devs
2023-06-02T17:58:59.059Z  info: port is running in 8000: devs
2023-06-02T17:59:21.244Z  info: port is running in 8000: devs
2023-06-02T17:59:48.531Z  info: port is running in 8000: devs
2023-06-02T17:59:53.083Z  info: port is running in 8000: devs
2023-06-02T17:59:56.826Z  info: port is running in 8000: devs
2023-06-02T17:59:59.627Z  info: port is running in 8000: devs
2023-06-02T18:00:07.237Z  info: port is running in 8000: devs
2023-06-02T18:00:38.048Z  info: port is running in 8000: devs
2023-06-02T18:01:00.860Z  info: port is running in 8000: devs
2023-06-02T18:01:10.366Z  info: port is running in 8000: devs
2023-06-02T18:01:14.206Z  info: port is running in 8000: devs
2023-06-02T18:01:53.902Z  info: port is running in 8000: devs
2023-06-02T18:02:42.398Z  info: port is running in 8000: devs
2023-06-02T18:02:46.321Z  info: port is running in 8000: devs
2023-06-02T18:02:50.022Z  info: port is running in 8000: devs
2023-06-02T18:02:54.843Z  info: port is running in 8000: devs
2023-06-02T18:02:57.448Z  info: port is running in 8000: devs
2023-06-02T18:16:34.738Z  info: port is running in 8000: devs
2023-06-02T18:16:41.771Z  info: port is running in 8000: devs
2023-06-02T18:16:48.270Z  info: port is running in 8000: devs
2023-06-02T18:24:33.032Z  info: port is running in 8000: devs
2023-06-02T18:26:36.951Z  info: port is running in 8000: devs
2023-06-02T18:27:45.673Z  info: port is running in 8000: devs
2023-06-02T18:28:41.942Z  info: port is running in 8000: devs
2023-06-02T18:28:54.910Z  info: port is running in 8000: devs
2023-06-02T18:30:15.931Z  info: port is running in 8000: devs
2023-06-02T18:30:34.483Z  info: port is running in 8000: devs
2023-06-02T18:30:45.617Z  info: port is running in 8000: devs
2023-06-02T18:36:22.055Z  info: port is running in 8000: devs
2023-06-02T18:36:28.990Z  info: port is running in 8000: devs
2023-06-02T18:36:31.340Z  info: port is running in 8000: devs
2023-06-02T18:36:34.685Z  info: port is running in 8000: devs
2023-06-02T18:36:41.158Z  info: port is running in 8000: devs
2023-06-02T18:39:06.140Z  info: port is running in 8000: devs
2023-06-02T18:39:08.596Z  info: port is running in 8000: devs
2023-06-02T18:47:06.563Z  info: port is running in 8000: devs
2023-06-02T18:48:16.831Z  info: port is running in 8000: devs
2023-06-02T18:48:21.543Z  info: port is running in 8000: devs
2023-06-03T07:00:39.127Z  info: port is running in 8000: devs
2023-06-03T07:00:54.528Z  info: port is running in 8000: devs
2023-06-03T07:01:15.149Z  info: port is running in 8000: devs
2023-06-03T11:47:11.641Z  info: port is running in 8000: devs
2023-06-03T11:47:17.900Z  info: port is running in 8000: devs
2023-06-03T11:47:25.122Z  info: port is running in 8000: devs
2023-06-03T11:47:56.190Z  info: port is running in 8000: devs
2023-06-03T11:58:57.825Z  info: port is running in 8000: devs
2023-06-03T12:00:07.273Z  info: port is running in 8000: devs
2023-06-03T12:00:13.815Z  info: port is running in 8000: devs
2023-06-03T12:00:19.653Z  info: port is running in 8000: devs
2023-06-03T12:15:30.732Z  info: port is running in 8000: devs
2023-06-03T12:15:52.523Z  info: port is running in 8000: devs
2023-06-03T12:16:00.956Z  info: port is running in 8000: devs
2023-06-03T12:16:06.897Z  info: port is running in 8000: devs
2023-06-03T12:16:09.104Z  info: port is running in 8000: devs
2023-06-03T12:16:13.525Z  info: port is running in 8000: devs
2023-06-03T12:16:22.103Z  info: port is running in 8000: devs
2023-06-03T12:16:29.045Z  info: port is running in 8000: devs
2023-06-03T12:17:38.157Z  info: port is running in 8000: devs
2023-06-03T12:17:58.571Z  info: port is running in 8000: devs
2023-06-03T12:18:07.714Z  info: port is running in 8000: devs
2023-06-03T12:18:10.937Z  info: port is running in 8000: devs
2023-06-03T12:18:57.886Z  info: port is running in 8000: devs
2023-06-03T12:21:22.936Z  info: port is running in 8000: devs
2023-06-03T12:21:28.377Z  info: port is running in 8000: devs
2023-06-03T12:27:21.707Z  info: port is running in 8000: devs
2023-06-03T12:27:24.574Z  info: port is running in 8000: devs
2023-06-03T12:31:01.373Z  info: port is running in 8000: devs
2023-06-03T12:31:04.121Z  info: port is running in 8000: devs
2023-06-03T12:31:12.748Z  info: port is running in 8000: devs
2023-06-03T12:31:22.018Z  info: port is running in 8000: devs
2023-06-03T12:31:25.827Z  info: port is running in 8000: devs
2023-06-03T12:32:24.866Z  info: port is running in 8000: devs
2023-06-03T12:33:40.972Z  info: port is running in 8000: devs
2023-06-03T12:33:47.679Z  info: port is running in 8000: devs
2023-06-03T12:45:59.491Z  info: port is running in 8000: devs
2023-06-03T12:46:07.148Z  info: port is running in 8000: devs
2023-06-04T17:10:08.996Z  info: port is running in 8000: devs
