{"level":"info","message":"port is running in 8000: devs"}
{"level":"info","message":"port is running in 8000: devs"}
{"level":"info","message":"port is running in 8000: devs"}
{"level":"info","message":"port is running in 8000: devs"}
{"level":"info","message":"port is running in 8000: devs"}
{"level":"info","message":"port is running in 8000: devs"}
{"level":"info","message":"port is running in 8000: devs"}
{"level":"info","message":"port is running in 8000: devs"}
{"level":"info","message":"port is running in 8000: devs"}
{"level":"info","message":"port is running in 8000: devs"}
{"level":"info","message":"port is running in 8000: devs"}
{"level":"info","message":"port is running in 8000: devs"}
undefined [undefined] info: port is running in 8000: devs
undefined
2023-06-01T08:18:34.906Z [undefined] info: port is running in 8000: devs
2023-06-01T08:23:05.859Z [right meow!] info: port is running in 8000: devs
2023-06-01T08:25:23.487Z [undefined] info: port is running in 8000: devs
2023-06-01T08:25:29.575Z [function createFormatWrap(opts) {
    return new Format(opts);
  }] info: port is running in 8000: devs
2023-06-01T08:25:41.704Z  info: port is running in 8000: devs
info: port is running in 8000: devs
2023-06-01T08:27:55.765Z  info: port is running in 8000: devs
2023-06-01T08:27:58.604Z  info: port is running in 8000: devs
2023-06-02T09:18:37.610Z  info: port is running in 8000: devs
2023-06-09T16:19:15.087Z  info: port is running in 8000: devs
2023-06-11T12:39:57.067Z  info: port is running in 8000: devs
2023-06-11T19:03:42.540Z  info: port is running in 8000: devs
2023-06-12T11:53:47.215Z  info: port is running in 8000: devs
2023-06-12T11:55:37.016Z  info: port is running in 8000: devs
2023-06-12T11:58:03.606Z  info: port is running in 8000: devs
2023-06-12T12:04:56.104Z  info: port is running in 8000: devs
2023-06-12T13:51:04.463Z  info: port is running in 8000: devs
2023-06-12T13:51:28.106Z  info: port is running in 8000: devs
2023-06-12T14:16:52.369Z  info: port is running in 8000: devs
2023-06-12T14:17:03.580Z  info: port is running in 8000: devs
2023-06-12T14:17:22.589Z  info: port is running in 8000: devs
2023-06-12T14:23:11.546Z  info: port is running in 8000: devs
2023-06-12T14:23:13.055Z  info: port is running in 8000: devs
2023-06-12T14:26:22.646Z  info: port is running in 8000: devs
2023-06-12T14:28:13.227Z  info: port is running in 8000: devs
2023-06-12T14:31:33.735Z  info: port is running in 8000: devs
2023-06-12T14:38:07.416Z  info: port is running in 8000: devs
2023-06-12T15:10:09.849Z  info: port is running in 8000: devs
